<?xml version="1.0" encoding="UTF-8"?>
<testsuites name="jest tests" tests="8" failures="0" errors="0" time="61.542">
  <testsuite name="Next.js App Integration Test" errors="0" failures="0" skipped="0" timestamp="2023-04-06T07:44:58" time="61.51" tests="8">
    <testcase classname="Next.js App Integration Test Should render a component" name="Next.js App Integration Test Should render a component" time="0">
    </testcase>
    <testcase classname="Next.js App Integration Test Should exist gluestack-ui.config.ts" name="Next.js App Integration Test Should exist gluestack-ui.config.ts" time="0.001">
    </testcase>
    <testcase classname="Next.js App Integration Test Should exist components folder" name="Next.js App Integration Test Should exist components folder" time="0">
    </testcase>
    <testcase classname="Next.js App Integration Test Update configuration " name="Next.js App Integration Test Update configuration " time="0.001">
    </testcase>
    <testcase classname="Next.js App Integration Test Add component " name="Next.js App Integration Test Add component " time="12.31">
    </testcase>
    <testcase classname="Next.js App Integration Test Should render next app" name="Next.js App Integration Test Should render next app" time="1.036">
    </testcase>
    <testcase classname="Next.js App Integration Test Should boot next app" name="Next.js App Integration Test Should boot next app" time="9.838">
    </testcase>
    <testcase classname="Next.js App Integration Test Usage button component" name="Next.js App Integration Test Usage button component" time="0">
    </testcase>
  </testsuite>
</testsuites>