<?xml version="1.0" encoding="UTF-8"?>
<testsuites name="jest tests" tests="4" failures="0" errors="0" time="38.403">
  <testsuite name="Next.js App Integration Test" errors="0" failures="0" skipped="0" timestamp="2023-04-06T06:47:27" time="38.375" tests="4">
    <testcase classname="Next.js App Integration Test Should render a component" name="Next.js App Integration Test Should render a component" time="0.003">
    </testcase>
    <testcase classname="Next.js App Integration Test Should exist gluestack-ui.config.ts" name="Next.js App Integration Test Should exist gluestack-ui.config.ts" time="0.001">
    </testcase>
    <testcase classname="Next.js App Integration Test Should exist components folder" name="Next.js App Integration Test Should exist components folder" time="0">
    </testcase>
    <testcase classname="Next.js App Integration Test Add component " name="Next.js App Integration Test Add component " time="8.692">
    </testcase>
  </testsuite>
</testsuites>